C51 COMPILER V9.51   BLINKY                                                                02/20/2016 01:12:28 PAGE 1   


C51 COMPILER V9.51, COMPILATION OF MODULE BLINKY
OBJECT MODULE PLACED IN .\DP8051\DP8051_Keil_951\Debug\blinky.obj
COMPILER INVOKED BY: C:\Program Files (x86)\Cypress\PSoC Creator\3.3\PSoC Creator\import\keil\pk51\9.51\C51\BIN\c51.exe 
                    -.\blinky.c NOIV LARGE MODDP2 OMF2 VB(1) NOIP INCDIR(.,Generated_Source\PSoC3) FF(3) DB DF(DEBUG) WL(2) PR(.\DP8051\DP805
                    -1_Keil_951\Debug/blinky.lst) CD OT(2,SIZE) OJ(.\DP8051\DP8051_Keil_951\Debug\blinky.obj)

line level    source

   1          /* ========================================
   2           *
   3           * Copyright YOUR COMPANY, THE YEAR
   4           * All Rights Reserved
   5           * UNPUBLISHED, LICENSED SOFTWARE.
   6           *
   7           * CONFIDENTIAL AND PROPRIETARY INFORMATION
   8           * WHICH IS THE PROPERTY OF your company.
   9           *
  10           * ========================================
  11          */
  12          
  13          /* [] END OF FILE */
  14          
  15          #include <project.h>
  16          #include "blinky.h"
  17          
  18          /*
  19          ************************************************************************ 
  20          * File: blinky.c
  21          * verion: 1.0
  22          *
  23          * Description:
  24          *   Blinks the onboard LED (connect to P6_2) twice; used for debugging.
  25          ************************************************************************
  26          */
  27          
  28          void Blinky(void)
  29          {
  30   1          LED_Status_Write(LED_ON);
  31   1          CyDelay(BLINK_DELAY_MS);
  32   1          LED_Status_Write(LED_OFF);
  33   1          CyDelay(BLINK_DELAY_MS);
  34   1          LED_Status_Write(LED_ON);
  35   1          CyDelay(BLINK_DELAY_MS);
  36   1          LED_Status_Write(LED_OFF);
  37   1          CyDelay(BLINK_DELAY_MS);
  38   1      }
C51 COMPILER V9.51   BLINKY                                                                02/20/2016 01:12:28 PAGE 2   

ASSEMBLY LISTING OF GENERATED OBJECT CODE


             ; FUNCTION Blinky (BEGIN)
                                           ; SOURCE LINE # 28
                                           ; SOURCE LINE # 29
                                           ; SOURCE LINE # 30
0000 7F01              MOV     R7,#01H
0002 120000      E     LCALL   _LED_Status_Write
                                           ; SOURCE LINE # 31
0005 7F32              MOV     R7,#032H
0007 7E00              MOV     R6,#00H
0009 7D00              MOV     R5,#00H
000B 7C00              MOV     R4,#00H
000D 120000      E     LCALL   _?CyDelay
                                           ; SOURCE LINE # 32
0010 7F00              MOV     R7,#00H
0012 120000      E     LCALL   _LED_Status_Write
                                           ; SOURCE LINE # 33
0015 7F32              MOV     R7,#032H
0017 7E00              MOV     R6,#00H
0019 7D00              MOV     R5,#00H
001B 7C00              MOV     R4,#00H
001D 120000      E     LCALL   _?CyDelay
                                           ; SOURCE LINE # 34
0020 7F01              MOV     R7,#01H
0022 120000      E     LCALL   _LED_Status_Write
                                           ; SOURCE LINE # 35
0025 7F32              MOV     R7,#032H
0027 7E00              MOV     R6,#00H
0029 7D00              MOV     R5,#00H
002B 7C00              MOV     R4,#00H
002D 120000      E     LCALL   _?CyDelay
                                           ; SOURCE LINE # 36
0030 7F00              MOV     R7,#00H
0032 120000      E     LCALL   _LED_Status_Write
                                           ; SOURCE LINE # 37
0035 7F32              MOV     R7,#032H
0037 7E00              MOV     R6,#00H
0039 7D00              MOV     R5,#00H
003B 7C00              MOV     R4,#00H
003D 120000      E     LCALL   _?CyDelay
                                           ; SOURCE LINE # 38
0040 22                RET     
             ; FUNCTION Blinky (END)



MODULE INFORMATION:   STATIC OVERLAYABLE
   CODE SIZE        =     65    ----
   CONSTANT SIZE    =   ----    ----
   XDATA SIZE       =   ----    ----
   PDATA SIZE       =   ----    ----
   DATA SIZE        =   ----    ----
   IDATA SIZE       =   ----    ----
   BIT SIZE         =   ----    ----
   EDATA SIZE       =   ----    ----
   HDATA SIZE       =   ----    ----
   XDATA CONST SIZE =   ----    ----
   FAR CONST SIZE   =   ----    ----
END OF MODULE INFORMATION.


C51 COMPILATION COMPLETE.  0 WARNING(S),  0 ERROR(S)
