--------------- Build Started: 02/20/2016 01:27:29 Project: SpeedControl, Configuration: DP8051 Keil 9.51 Debug ---------------
The code generation step is up to date.
c51.exe .\pid_control.c NOIV LARGE MODDP2 OMF2 VB(1) NOIP "INCDIR(., Generated_Source\PSoC3)" FF(3) DB DF(DEBUG) WL(2) PR(.\DP8051\DP8051_Keil_951\Debug/pid_control.lst) CD OT(2 ,Size) OJ(.\DP8051\DP8051_Keil_951\Debug\pid_control.obj)
LIBX51.exe TRANSFER '.\DP8051\DP8051_Keil_951\Debug\cyfitter_cfg.obj', '.\DP8051\DP8051_Keil_951\Debug\LCD.obj', '.\DP8051\DP8051_Keil_951\Debug\LCD_PM.obj', '.\DP8051\DP8051_Keil_951\Debug\LED_Status.obj', '.\DP8051\DP8051_Keil_951\Debug\LCD_LCDPort.obj', '.\DP8051\DP8051_Keil_951\Debug\CyBootAsmKeil.obj', '.\DP8051\DP8051_Keil_951\Debug\CyDmac.obj', '.\DP8051\DP8051_Keil_951\Debug\CyFlash.obj', '.\DP8051\DP8051_Keil_951\Debug\CyLib.obj', '.\DP8051\DP8051_Keil_951\Debug\cymem.obj', '.\DP8051\DP8051_Keil_951\Debug\cyPm.obj', '.\DP8051\DP8051_Keil_951\Debug\CySpc.obj', '.\DP8051\DP8051_Keil_951\Debug\cyutils.obj', '.\DP8051\DP8051_Keil_951\Debug\KeilStart.obj', '.\DP8051\DP8051_Keil_951\Debug\hallEffectSensor.obj', '.\DP8051\DP8051_Keil_951\Debug\hallTickCounter.obj', '.\DP8051\DP8051_Keil_951\Debug\hallTickCounter_PM.obj', '.\DP8051\DP8051_Keil_951\Debug\hallEffect_ISR.obj', '.\DP8051\DP8051_Keil_951\Debug\hallTickTimer.obj', '.\DP8051\DP8051_Keil_951\Debug\hallTickTimer_PM.obj', '.\DP8051\DP8051_Keil_951\Debug\deBounce.obj', '.\DP8051\DP8051_Keil_951\Debug\pushButton.obj', '.\DP8051\DP8051_Keil_951\Debug\LED.obj', '.\DP8051\DP8051_Keil_951\Debug\SyncOut.obj', '.\DP8051\DP8051_Keil_951\Debug\Pin_1.obj', '.\DP8051\DP8051_Keil_951\Debug\PWM_GateVoltage.obj', '.\DP8051\DP8051_Keil_951\Debug\PWM_GateVoltage_PM.obj', '.\DP8051\DP8051_Keil_951\Debug\PWM_clock.obj', '.\DP8051\DP8051_Keil_951\Debug\MOSFET_Gate.obj' TO '.\DP8051\DP8051_Keil_951\Debug\SpeedControl.lib'
LX51.exe '.\DP8051\DP8051_Keil_951\Debug\main.obj', '.\DP8051\DP8051_Keil_951\Debug\blinky.obj', '.\DP8051\DP8051_Keil_951\Debug\pid_control.obj', '.\DP8051\DP8051_Keil_951\Debug\SpeedControl.lib', 'C:\Program Files (x86)\Cypress\PSoC Creator\3.3\PSoC Creator\psoc\content\cycomponentlibrary\CyComponentLibrary.cylib\DP8051\DP8051_Keil_951\Debug\CyComponentLibrary.lib' TO '.\DP8051\DP8051_Keil_951\Debug\SpeedControl.omf' CODE RU RC(10) DW(16) WL(2) PR(.\DP8051\DP8051_Keil_951\Debug/SpeedControl.map) IX CL(XDATA(X:0x0000-X:0x1FFF)) CL(CODE(C:0x0000-C:0xFFFF)) CL(CONST(C:0x0000-C:0xFFFF))
*** WARNING L15: MULTIPLE CALL TO FUNCTION
    NAME:    _PWM_GATEVOLTAGE_WRITECOMPARE/PWM_GATEVOLTAGE
    CALLER1: HALLEFFECTSENSOR/MAIN
    CALLER2: ?C_C51STARTUP
*** WARNING L15: MULTIPLE CALL TO FUNCTION
    NAME:    _LCD_WRCNTRLNIB/LCD
    CALLER1: HALLEFFECTSENSOR/MAIN
    CALLER2: ?C_C51STARTUP
*** WARNING L15: MULTIPLE CALL TO FUNCTION
    NAME:    _LCD_WRITECONTROL/LCD
    CALLER1: HALLEFFECTSENSOR/MAIN
    CALLER2: ?C_C51STARTUP
*** WARNING L15: MULTIPLE CALL TO FUNCTION
    NAME:    LCD_ISREADY/LCD
    CALLER1: HALLEFFECTSENSOR/MAIN
    CALLER2: ?C_C51STARTUP
Program Size: data=20.1 xdata=248 const=45 code=8384
OHx51.exe SpeedControl.omf HEXFILE(SpeedControl.ihx)
c8051-elf-omf2elf.exe SpeedControl.omf SpeedControl.elf
cyhextool -o .\DP8051\DP8051_Keil_951\Debug\SpeedControl.hex -f .\DP8051\DP8051_Keil_951\Debug\SpeedControl.ihx -prot .\Generated_Source\PSoC3\protect.hex -id 1E028069 -a EEPROM=90200000:800,PROGRAM=00000000:10000,CONFIG=80000000:2000,PROTECT=90400000:40 -meta 0301 -cunv 00004005 -wonv BC90ACAF -ecc .\Generated_Source\PSoC3\config.hex
Flash used: 8448 of 65536 bytes (12.9 %).
SRAM used: 248 of 8192 bytes (3.0 %).
--------------- Build Succeeded: 02/20/2016 01:27:34 ---------------
