C51 COMPILER V9.51   CYFITTER_CFG                                                          02/20/2016 01:12:31 PAGE 1   


C51 COMPILER V9.51, COMPILATION OF MODULE CYFITTER_CFG
OBJECT MODULE PLACED IN .\DP8051\DP8051_Keil_951\Debug\cyfitter_cfg.obj
COMPILER INVOKED BY: C:\Program Files (x86)\Cypress\PSoC Creator\3.3\PSoC Creator\import\keil\pk51\9.51\C51\BIN\c51.exe 
                    -.\Generated_Source\PSoC3\cyfitter_cfg.c NOIV LARGE MODDP2 OMF2 VB(1) NOIP INCDIR(.,Generated_Source\PSoC3) FF(3) DB DF(D
                    -EBUG) WL(2) PR(.\DP8051\DP8051_Keil_951\Debug/cyfitter_cfg.lst) CD OT(2,SIZE) OJ(.\DP8051\DP8051_Keil_951\Debug\cyfitter
                    -_cfg.obj)

line level    source

   1          /*******************************************************************************
   2          * File Name: cyfitter_cfg.c
   3          * 
   4          * PSoC Creator  3.3 SP1
   5          *
   6          * Description:
   7          * This file contains device initialization code.
   8          * Except for the user defined sections in CyClockStartupError(), this file should not be modified.
   9          * This file is automatically generated by PSoC Creator.
  10          *
  11          ********************************************************************************
  12          * Copyright (c) 2007-2015 Cypress Semiconductor.  All rights reserved.
  13          * You may use this file only in accordance with the license, terms, conditions, 
  14          * disclaimers, and limitations in the end user license agreement accompanying 
  15          * the software package with which this file was provided.
  16          ********************************************************************************/
  17          
  18          #include <string.h>
  19          #include "cytypes.h"
  20          #include "cydevice_trm.h"
  21          #include "cyfitter.h"
  22          #include "CyLib.h"
  23          #include "cyfitter_cfg.h"
  24          
  25          #define CY_NEED_CYCLOCKSTARTUPERROR 1
  26          
  27          
  28          #if defined(__C51__) || defined(__CX51__)
  29                  #define CYPACKED
  30                  #define CYPACKED_ATTR
  31                  #define CYALIGNED
  32                  
  33              #define CY_CFG_UNUSED
  34                  #define CY_CFG_MEMORY_BARRIER() do { } while (0)
  35          
  36          
  37          
  38                  #define CYMEMZERO(a,c) cymemzero((a),(c))
  39                  #define CYCONFIGCPY(d,s,c) cyconfigcpy((c),(s),(d))
  40                  #define CYCONFIGCPYCODE(d,s,c) cyconfigcpycode((c),(s),(d))
  41          #else
                      #error Unsupported toolchain
              #endif
  44          
  45          
  46          
  47          /* Clock startup error codes                                                   */
  48          #define CYCLOCKSTART_NO_ERROR    0u
  49          #define CYCLOCKSTART_XTAL_ERROR  1u
  50          #define CYCLOCKSTART_32KHZ_ERROR 2u
  51          #define CYCLOCKSTART_PLL_ERROR   3u
  52          
C51 COMPILER V9.51   CYFITTER_CFG                                                          02/20/2016 01:12:31 PAGE 2   

  53          #ifdef CY_NEED_CYCLOCKSTARTUPERROR
  54          /*******************************************************************************
  55          * Function Name: CyClockStartupError
  56          ********************************************************************************
  57          * Summary:
  58          *  If an error is encountered during clock configuration (crystal startup error,
  59          *  PLL lock error, etc.), the system will end up here.  Unless reimplemented by
  60          *  the customer, this function will stop in an infinite loop.
  61          *
  62          * Parameters:
  63          *   void
  64          *
  65          * Return:
  66          *   void
  67          *
  68          *******************************************************************************/
  69          CY_CFG_UNUSED
  70          static void CyClockStartupError(uint8 errorCode);
  71          CY_CFG_UNUSED
  72          static void CyClockStartupError(uint8 errorCode)
  73          {
  74   1          /* To remove the compiler warning if errorCode not used.                */
  75   1          errorCode = errorCode;
  76   1      
  77   1          /* `#START CyClockStartupError` */
  78   1      
  79   1          /* If we have a clock startup error (bad MHz crystal, PLL lock, etc.),  */
  80   1          /* we will end up here to allow the customer to implement something to  */
  81   1          /* deal with the clock condition.                                       */
  82   1      
  83   1          /* `#END` */
  84   1      
  85   1          /* If nothing else, stop here since the clocks have not started         */
  86   1          /* correctly.                                                           */
  87   1          while(1) {}
  88   1      }
  89          #endif
  90          
  91          #define cfg_byte_table ((const void CYFAR *)0x080000u)
  92          /* IOPINS0_2 Address: CYREG_PRT2_DR Size (bytes): 10 */
  93          #define BS_IOPINS0_2_VAL ((const uint8 CYFAR *)0x00080378u)
  94          
  95          /* IOPINS0_5 Address: CYREG_PRT5_DM0 Size (bytes): 8 */
  96          #define BS_IOPINS0_5_VAL ((const uint8 CYFAR *)0x00080384u)
  97          
  98          /* IOPINS0_6 Address: CYREG_PRT6_DR Size (bytes): 10 */
  99          #define BS_IOPINS0_6_VAL ((const uint8 CYFAR *)0x0008038Cu)
 100          
 101          
 102          /*******************************************************************************
 103          * Function Name: ClockSetup
 104          ********************************************************************************
 105          *
 106          * Summary:
 107          *  Performs the initialization of all of the clocks in the device based on the
 108          *  settings in the Clock tab of the DWR.  This includes enabling the requested
 109          *  clocks and setting the necessary dividers to produce the desired frequency. 
 110          *
 111          * Parameters:
 112          *  void
 113          *
 114          * Return:
C51 COMPILER V9.51   CYFITTER_CFG                                                          02/20/2016 01:12:31 PAGE 3   

 115          *  void
 116          *
 117          *******************************************************************************/
 118          static void ClockSetup(void);
 119          static void ClockSetup(void)
 120          {
 121   1              uint32 timeout;
 122   1              uint8 pllLock;
 123   1      
 124   1      
 125   1              /* Configure Digital Clocks based on settings from Clock DWR */
 126   1              CY_SET_XTND_REG16((void CYFAR *)(CYREG_CLKDIST_DCFG0_CFG0), 0x5DBFu);
 127   1              CY_SET_REG8((void CYXDATA *)(CYREG_CLKDIST_DCFG0_CFG0 + 0x2u), 0x18u);
 128   1              CY_SET_XTND_REG16((void CYFAR *)(CYREG_CLKDIST_DCFG1_CFG0), 0x3A97u);
 129   1              CY_SET_REG8((void CYXDATA *)(CYREG_CLKDIST_DCFG1_CFG0 + 0x2u), 0x19u);
 130   1      
 131   1              /* Configure ILO based on settings from Clock DWR */
 132   1              CY_SET_REG8((void CYXDATA *)(CYREG_SLOWCLK_ILO_CR0), 0x02u);
 133   1              CY_SET_REG8((void CYXDATA *)(CYREG_CLKDIST_CR), 0x08u);
 134   1      
 135   1              /* Configure IMO based on settings from Clock DWR */
 136   1              CY_SET_REG8((void CYXDATA *)(CYREG_FASTCLK_IMO_CR), 0x03u);
 137   1              CY_SET_REG8((void CYXDATA *)(CYREG_IMO_TR1), (CY_GET_XTND_REG8((void CYFAR *)CYREG_FLSHID_CUST_TABLES_IMO
             -_3MHZ)));
 138   1      
 139   1              /* Configure PLL based on settings from Clock DWR */
 140   1              CY_SET_XTND_REG16((void CYFAR *)(CYREG_FASTCLK_PLL_P), 0x0008u);
 141   1              CY_SET_XTND_REG16((void CYFAR *)(CYREG_FASTCLK_PLL_CFG0), 0x1251u);
 142   1              /* Wait up to 250us for the PLL to lock */
 143   1              pllLock = 0u;
 144   1              for (timeout = 250u / 10u; (timeout > 0u) && (pllLock != 0x03u); timeout--)
 145   1              { 
 146   2                      pllLock = 0x03u & ((uint8)((uint8)pllLock << 1) | ((CY_GET_REG8((void CYXDATA *)CYREG_FASTCLK_PLL_SR) & 
             -0x01u) >> 0));
 147   2                      CyDelayCycles(10u * 48u); /* Delay 10us based on 48MHz clock */
 148   2              }
 149   1              /* If we ran out of time the PLL didn't lock so go to the error function */
 150   1              if (timeout == 0u)
 151   1              {
 152   2                      CyClockStartupError(CYCLOCKSTART_PLL_ERROR);
 153   2              }
 154   1      
 155   1              /* Configure Bus/Master Clock based on settings from Clock DWR */
 156   1              CY_SET_XTND_REG16((void CYFAR *)(CYREG_CLKDIST_MSTR0), 0x0100u);
 157   1              CY_SET_REG8((void CYXDATA *)(CYREG_CLKDIST_MSTR0), 0x07u);
 158   1              CY_SET_REG8((void CYXDATA *)(CYREG_CLKDIST_BCFG0), 0x00u);
 159   1              CY_SET_REG8((void CYXDATA *)(CYREG_CLKDIST_BCFG2), 0x48u);
 160   1              CY_SET_REG8((void CYXDATA *)(CYREG_CLKDIST_MSTR0), 0x00u);
 161   1              CY_SET_REG8((void CYXDATA *)(CYREG_CLKDIST_LD), 0x02u);
 162   1      
 163   1              CY_SET_REG8((void CYXDATA *)(CYREG_PM_ACT_CFG2), ((CY_GET_REG8((void CYXDATA *)CYREG_PM_ACT_CFG2) | 0x03u
             -)));
 164   1      }
 165          
 166          
 167          /* Analog API Functions */
 168          
 169          
 170          /*******************************************************************************
 171          * Function Name: AnalogSetDefault
 172          ********************************************************************************
 173          *
C51 COMPILER V9.51   CYFITTER_CFG                                                          02/20/2016 01:12:31 PAGE 4   

 174          * Summary:
 175          *  Sets up the analog portions of the chip to default values based on chip
 176          *  configuration options from the project.
 177          *
 178          * Parameters:
 179          *  void
 180          *
 181          * Return:
 182          *  void
 183          *
 184          *******************************************************************************/
 185          static void AnalogSetDefault(void);
 186          static void AnalogSetDefault(void)
 187          {
 188   1              uint8 bg_xover_inl_trim = CY_GET_XTND_REG8((void CYFAR *)(CYREG_FLSHID_MFG_CFG_BG_XOVER_INL_TRIM + 1u));
 189   1              CY_SET_REG8((void CYXDATA *)(CYREG_BG_DFT0), (bg_xover_inl_trim & 0x07u));
 190   1              CY_SET_REG8((void CYXDATA *)(CYREG_BG_DFT1), ((bg_xover_inl_trim >> 4) & 0x0Fu));
 191   1              CY_SET_REG8((void CYXDATA *)CYREG_PUMP_CR0, 0x44u);
 192   1      }
 193          
 194          
 195          /*******************************************************************************
 196          * Function Name: SetAnalogRoutingPumps
 197          ********************************************************************************
 198          *
 199          * Summary:
 200          * Enables or disables the analog pumps feeding analog routing switches.
 201          * Intended to be called at startup, based on the Vdda system configuration;
 202          * may be called during operation when the user informs us that the Vdda voltage
 203          * crossed the pump threshold.
 204          *
 205          * Parameters:
 206          *  enabled - 1 to enable the pumps, 0 to disable the pumps
 207          *
 208          * Return:
 209          *  void
 210          *
 211          *******************************************************************************/
 212          void SetAnalogRoutingPumps(uint8 enabled)
 213          {
 214   1              uint8 regValue = CY_GET_REG8((void CYXDATA *)CYREG_PUMP_CR0);
 215   1              if (enabled != 0u)
 216   1              {
 217   2                      regValue |= 0x00u;
 218   2              }
 219   1              else
 220   1              {
 221   2                      regValue &= (uint8)~0x00u;
 222   2              }
 223   1              CY_SET_REG8((void CYXDATA *)CYREG_PUMP_CR0, regValue);
 224   1      }
 225          
 226          #define CY_AMUX_UNUSED CYREG_BOOST_SR
 227          
 228          
 229          /*******************************************************************************
 230          * Function Name: cyfitter_cfg
 231          ********************************************************************************
 232          * Summary:
 233          *  This function is called by the start-up code for the selected device. It
 234          *  performs all of the necessary device configuration based on the design
 235          *  settings.  This includes settings from the Design Wide Resources (DWR) such
C51 COMPILER V9.51   CYFITTER_CFG                                                          02/20/2016 01:12:31 PAGE 5   

 236          *  as Clocks and Pins as well as any component configuration that is necessary.
 237          *
 238          * Parameters:  
 239          *   void
 240          *
 241          * Return:
 242          *   void
 243          *
 244          *******************************************************************************/
 245          
 246          void cyfitter_cfg(void)
 247          {
 248   1              /* Enable/Disable Debug functionality based on settings from System DWR */
 249   1              CY_SET_XTND_REG8((void CYFAR *)CYREG_MLOGIC_DEBUG, (CY_GET_XTND_REG8((void CYFAR *)CYREG_MLOGIC_DEBUG) | 
             -0x05u));
 250   1      
 251   1              {
 252   2      
 253   2                      CYPACKED typedef struct {
 254   2                              void CYFAR *address;
 255   2                              uint16 size;
 256   2                      } CYPACKED_ATTR cfg_memset_t;
 257   2      
 258   2                      static const cfg_memset_t CYCODE cfg_memset_list [] = {
 259   2                              /* address, size */
 260   2                              {(void CYFAR *)(CYREG_PRT0_DR), 32u},
 261   2                              {(void CYFAR *)(CYREG_PRT3_DR), 32u},
 262   2                              {(void CYFAR *)(CYREG_PRT12_DR), 16u},
 263   2                              {(void CYFAR *)(CYREG_PRT15_DR), 16u},
 264   2                              {(void CYFAR *)(CYDEV_UCFG_B0_P0_U0_BASE), 4096u},
 265   2                              {(void CYFAR *)(CYDEV_UCFG_B1_P2_U0_BASE), 2048u},
 266   2                              {(void CYFAR *)(CYDEV_UCFG_DSI0_BASE), 2560u},
 267   2                              {(void CYFAR *)(CYDEV_UCFG_DSI12_BASE), 512u},
 268   2                              {(void CYFAR *)(CYREG_BCTL0_MDCLK_EN), 32u},
 269   2                      };
 270   2      
 271   2                      uint8 CYDATA i;
 272   2      
 273   2                      /* Zero out critical memory blocks before beginning configuration */
 274   2                      for (i = 0u; i < (sizeof(cfg_memset_list)/sizeof(cfg_memset_list[0])); i++)
 275   2                      {
 276   3                              const cfg_memset_t CYCODE * CYDATA ms = &cfg_memset_list[i];
 277   3                              CYMEMZERO(ms->address, ms->size);
 278   3                      }
 279   2      
 280   2                      cfg_write_bytes(cfg_byte_table);
 281   2      
 282   2                      /* Enable digital routing */
 283   2                      CY_SET_XTND_REG8((void CYFAR *)CYREG_BCTL0_BANK_CTL, CY_GET_XTND_REG8((void CYFAR *)CYREG_BCTL0_BANK_CTL
             -) | 0x02u);
 284   2                      CY_SET_XTND_REG8((void CYFAR *)CYREG_BCTL1_BANK_CTL, CY_GET_XTND_REG8((void CYFAR *)CYREG_BCTL1_BANK_CTL
             -) | 0x02u);
 285   2      
 286   2                      /* Enable UDB array */
 287   2                      CY_SET_REG8((void CYXDATA *)CYREG_PM_ACT_CFG0, CY_GET_REG8((void CYXDATA *)CYREG_PM_ACT_CFG0) | 0x40u);
 288   2                      CY_SET_REG8((void CYXDATA *)CYREG_PM_AVAIL_CR2, CY_GET_REG8((void CYXDATA *)CYREG_PM_AVAIL_CR2) | 0x10u)
             -;
 289   2              }
 290   1      
 291   1      
 292   1              /* Perform second pass device configuration. These items must be configured in specific order after the r
             -egular configuration is done. */
C51 COMPILER V9.51   CYFITTER_CFG                                                          02/20/2016 01:12:31 PAGE 6   

 293   1              CYCONFIGCPY((void CYFAR *)(CYREG_PRT2_DR), (const void CYFAR *)(BS_IOPINS0_2_VAL), 10u);
 294   1              CYCONFIGCPY((void CYFAR *)(CYREG_PRT5_DM0), (const void CYFAR *)(BS_IOPINS0_5_VAL), 8u);
 295   1              CYCONFIGCPY((void CYFAR *)(CYREG_PRT6_DR), (const void CYFAR *)(BS_IOPINS0_6_VAL), 10u);
 296   1              CY_SET_REG8((void CYXDATA *)(CYREG_INTC_CSR_EN), 0x01u);
 297   1              /* Switch Boost to the precision bandgap reference from its internal reference */
 298   1              CY_SET_REG8((void CYXDATA *)CYREG_BOOST_CR2, (CY_GET_REG8((void CYXDATA *)CYREG_BOOST_CR2) | 0x08u));
 299   1              if (CYDEV_CHIP_REV_ACTUAL < 5u)
 300   1              {
 301   2                      CY_SET_REG8((void CYXDATA *)CYREG_PWRSYS_WAKE_TR2, 0x3Au);
 302   2              }
 303   1      
 304   1      
 305   1              /* Set Flash Cycles based on max possible frequency in case a glitch occurs during ClockSetup(). */
 306   1              CY_SET_REG8((void CYXDATA *)(CYREG_CACHE_CR), (((CYDEV_INSTRUCT_CACHE_ENABLED) != 0) ? 0xF1u : 0xC0u));
 307   1              /* Setup clocks based on selections from Clock DWR */
 308   1              ClockSetup();
 309   1              /* Set Flash Cycles based on newly configured 24.00MHz Bus Clock. */
 310   1              CY_SET_REG8((void CYXDATA *)(CYREG_CACHE_CR), (((CYDEV_INSTRUCT_CACHE_ENABLED) != 0) ? 0xB1u : 0x80u));
 311   1      
 312   1              /* Perform basic analog initialization to defaults */
 313   1              AnalogSetDefault();
 314   1      
 315   1              /* Configure alternate active mode */
 316   1              CYCONFIGCPY((void CYFAR *)CYDEV_PM_STBY_BASE, (const void CYFAR *)CYDEV_PM_ACT_BASE, 14u);
 317   1              CY_SET_REG8((void CYXDATA *)CYREG_PM_STBY_CFG0, CY_GET_REG8((void CYXDATA *)CYREG_PM_STBY_CFG0) & (uint8)
             -~0x02u);        /* Disable CPU */
 318   1      }
C51 COMPILER V9.51   CYFITTER_CFG                                                          02/20/2016 01:12:31 PAGE 7   

ASSEMBLY LISTING OF GENERATED OBJECT CODE


             ; FUNCTION _CyClockStartupError (BEGIN)
                                           ; SOURCE LINE # 72
0000 900000      R     MOV     DPTR,#errorCode
0003 EF                MOV     A,R7
0004 F0                MOVX    @DPTR,A
                                           ; SOURCE LINE # 73
                                           ; SOURCE LINE # 75
0005 900000      R     MOV     DPTR,#errorCode
0008 E0                MOVX    A,@DPTR
0009 FF                MOV     R7,A
000A 900000      R     MOV     DPTR,#errorCode
000D EF                MOV     A,R7
000E F0                MOVX    @DPTR,A
000F         ?C0001:
                                           ; SOURCE LINE # 87
000F 80FE              SJMP    ?C0001
0011 22                RET     
             ; FUNCTION _CyClockStartupError (END)

             ; FUNCTION ClockSetup (BEGIN)
                                           ; SOURCE LINE # 119
                                           ; SOURCE LINE # 120
                                           ; SOURCE LINE # 126
0000 7B00              MOV     R3,#00H
0002 7A40              MOV     R2,#040H
0004 7980              MOV     R1,#080H
0006 7DBF              MOV     R5,#0BFH
0008 7C5D              MOV     R4,#05DH
000A 120000      E     LCALL   _cywrite16
                                           ; SOURCE LINE # 127
000D 904082            MOV     DPTR,#04082H
0010 7418              MOV     A,#018H
0012 F0                MOVX    @DPTR,A
                                           ; SOURCE LINE # 128
0013 7B00              MOV     R3,#00H
0015 7A40              MOV     R2,#040H
0017 7984              MOV     R1,#084H
0019 7D97              MOV     R5,#097H
001B 7C3A              MOV     R4,#03AH
001D 120000      E     LCALL   _cywrite16
                                           ; SOURCE LINE # 129
0020 904086            MOV     DPTR,#04086H
0023 7419              MOV     A,#019H
0025 F0                MOVX    @DPTR,A
                                           ; SOURCE LINE # 132
0026 904300            MOV     DPTR,#04300H
0029 7402              MOV     A,#02H
002B F0                MOVX    @DPTR,A
                                           ; SOURCE LINE # 133
002C 904000            MOV     DPTR,#04000H
002F 7408              MOV     A,#08H
0031 F0                MOVX    @DPTR,A
                                           ; SOURCE LINE # 136
0032 904200            MOV     DPTR,#04200H
0035 7403              MOV     A,#03H
0037 F0                MOVX    @DPTR,A
                                           ; SOURCE LINE # 137
0038 7B0C              MOV     R3,#0CH
003A 7A01              MOV     R2,#01H
C51 COMPILER V9.51   CYFITTER_CFG                                                          02/20/2016 01:12:31 PAGE 8   

003C 7908              MOV     R1,#08H
003E 120000      E     LCALL   _cyread8
0041 9046A1            MOV     DPTR,#046A1H
0044 EF                MOV     A,R7
0045 F0                MOVX    @DPTR,A
                                           ; SOURCE LINE # 140
0046 7B00              MOV     R3,#00H
0048 7A42              MOV     R2,#042H
004A 7922              MOV     R1,#022H
004C 7D08              MOV     R5,#08H
004E 7C00              MOV     R4,#00H
0050 120000      E     LCALL   _cywrite16
                                           ; SOURCE LINE # 141
0053 7B00              MOV     R3,#00H
0055 7A42              MOV     R2,#042H
0057 7920              MOV     R1,#020H
0059 7D51              MOV     R5,#051H
005B 7C12              MOV     R4,#012H
005D 120000      E     LCALL   _cywrite16
                                           ; SOURCE LINE # 143
0060 900000      R     MOV     DPTR,#pllLock
0063 E4                CLR     A
0064 F0                MOVX    @DPTR,A
                                           ; SOURCE LINE # 144
0065 7F19              MOV     R7,#019H
0067 7E00              MOV     R6,#00H
0069 7D00              MOV     R5,#00H
006B 7C00              MOV     R4,#00H
006D 900000      R     MOV     DPTR,#timeout
0070 120000      E     LCALL   ?C?LSTXDATA
0073         ?C0004:
0073 900000      R     MOV     DPTR,#timeout
0076 120000      E     LCALL   ?C?LLDXDATA
0079 D3                SETB    C
007A EF                MOV     A,R7
007B 9400              SUBB    A,#00H
007D EE                MOV     A,R6
007E 9400              SUBB    A,#00H
0080 404E              JC      ?C0005
0082 900000      R     MOV     DPTR,#pllLock
0085 E0                MOVX    A,@DPTR
0086 FF                MOV     R7,A
0087 EF                MOV     A,R7
0088 6403              XRL     A,#03H
008A 6044              JZ      ?C0005
                                           ; SOURCE LINE # 145
                                           ; SOURCE LINE # 146
008C 904225            MOV     DPTR,#04225H
008F E0                MOVX    A,@DPTR
0090 FF                MOV     R7,A
0091 EF                MOV     A,R7
0092 5401              ANL     A,#01H
0094 FF                MOV     R7,A
0095 7E00              MOV     R6,#00H
0097 900000      R     MOV     DPTR,#pllLock
009A E0                MOVX    A,@DPTR
009B FE                MOV     R6,A
009C EE                MOV     A,R6
009D 25E0              ADD     A,ACC
009F FE                MOV     R6,A
00A0 EE                MOV     A,R6
00A1 4F                ORL     A,R7
C51 COMPILER V9.51   CYFITTER_CFG                                                          02/20/2016 01:12:31 PAGE 9   

00A2 FF                MOV     R7,A
00A3 EF                MOV     A,R7
00A4 5403              ANL     A,#03H
00A6 FF                MOV     R7,A
00A7 900000      R     MOV     DPTR,#pllLock
00AA EF                MOV     A,R7
00AB F0                MOVX    @DPTR,A
                                           ; SOURCE LINE # 147
00AC 7FE0              MOV     R7,#0E0H
00AE 7E01              MOV     R6,#01H
00B0 7D00              MOV     R5,#00H
00B2 7C00              MOV     R4,#00H
00B4 120000      E     LCALL   _CyDelayCycles
                                           ; SOURCE LINE # 148
00B7 900000      R     MOV     DPTR,#timeout
00BA 120000      E     LCALL   ?C?LLDXDATA
00BD 7BFF              MOV     R3,#0FFH
00BF 7AFF              MOV     R2,#0FFH
00C1 79FF              MOV     R1,#0FFH
00C3 78FF              MOV     R0,#0FFH
00C5 120000      E     LCALL   ?C?LADD
00C8 900000      R     MOV     DPTR,#timeout
00CB 120000      E     LCALL   ?C?LSTXDATA
00CE 80A3              SJMP    ?C0004
00D0         ?C0005:
                                           ; SOURCE LINE # 150
00D0 900000      R     MOV     DPTR,#timeout
00D3 120000      E     LCALL   ?C?LLDXDATA
00D6 EF                MOV     A,R7
00D7 4E                ORL     A,R6
00D8 7005              JNZ     ?C0007
                                           ; SOURCE LINE # 151
                                           ; SOURCE LINE # 152
00DA 7F03              MOV     R7,#03H
00DC 120000      R     LCALL   _CyClockStartupError
                                           ; SOURCE LINE # 153
00DF         ?C0007:
                                           ; SOURCE LINE # 156
00DF 7B00              MOV     R3,#00H
00E1 7A40              MOV     R2,#040H
00E3 7904              MOV     R1,#04H
00E5 7D00              MOV     R5,#00H
00E7 7C01              MOV     R4,#01H
00E9 120000      E     LCALL   _cywrite16
                                           ; SOURCE LINE # 157
00EC 904004            MOV     DPTR,#04004H
00EF 7407              MOV     A,#07H
00F1 F0                MOVX    @DPTR,A
                                           ; SOURCE LINE # 158
00F2 904006            MOV     DPTR,#04006H
00F5 E4                CLR     A
00F6 F0                MOVX    @DPTR,A
                                           ; SOURCE LINE # 159
00F7 904008            MOV     DPTR,#04008H
00FA 7448              MOV     A,#048H
00FC F0                MOVX    @DPTR,A
                                           ; SOURCE LINE # 160
00FD 904004            MOV     DPTR,#04004H
0100 E4                CLR     A
0101 F0                MOVX    @DPTR,A
                                           ; SOURCE LINE # 161
0102 904001            MOV     DPTR,#04001H
C51 COMPILER V9.51   CYFITTER_CFG                                                          02/20/2016 01:12:31 PAGE 10  

0105 7402              MOV     A,#02H
0107 F0                MOVX    @DPTR,A
                                           ; SOURCE LINE # 163
0108 9043A2            MOV     DPTR,#043A2H
010B E0                MOVX    A,@DPTR
010C FF                MOV     R7,A
010D EF                MOV     A,R7
010E 4403              ORL     A,#03H
0110 FF                MOV     R7,A
0111 9043A2            MOV     DPTR,#043A2H
0114 EF                MOV     A,R7
0115 F0                MOVX    @DPTR,A
                                           ; SOURCE LINE # 164
0116 22                RET     
             ; FUNCTION ClockSetup (END)

             ; FUNCTION AnalogSetDefault (BEGIN)
                                           ; SOURCE LINE # 186
                                           ; SOURCE LINE # 187
                                           ; SOURCE LINE # 188
0000 7B0C              MOV     R3,#0CH
0002 7A01              MOV     R2,#01H
0004 79CF              MOV     R1,#0CFH
0006 120000      E     LCALL   _cyread8
0009 900000      R     MOV     DPTR,#bg_xover_inl_trim
000C EF                MOV     A,R7
000D F0                MOVX    @DPTR,A
                                           ; SOURCE LINE # 189
000E 900000      R     MOV     DPTR,#bg_xover_inl_trim
0011 E0                MOVX    A,@DPTR
0012 FF                MOV     R7,A
0013 EF                MOV     A,R7
0014 5407              ANL     A,#07H
0016 FF                MOV     R7,A
0017 90586E            MOV     DPTR,#0586EH
001A EF                MOV     A,R7
001B F0                MOVX    @DPTR,A
                                           ; SOURCE LINE # 190
001C 900000      R     MOV     DPTR,#bg_xover_inl_trim
001F E0                MOVX    A,@DPTR
0020 FF                MOV     R7,A
0021 EF                MOV     A,R7
0022 C4                SWAP    A
0023 540F              ANL     A,#0FH
0025 FF                MOV     R7,A
0026 EF                MOV     A,R7
0027 540F              ANL     A,#0FH
0029 FF                MOV     R7,A
002A 90586F            MOV     DPTR,#0586FH
002D EF                MOV     A,R7
002E F0                MOVX    @DPTR,A
                                           ; SOURCE LINE # 191
002F 905876            MOV     DPTR,#05876H
0032 7444              MOV     A,#044H
0034 F0                MOVX    @DPTR,A
                                           ; SOURCE LINE # 192
0035 22                RET     
             ; FUNCTION AnalogSetDefault (END)

             ; FUNCTION _SetAnalogRoutingPumps (BEGIN)
                                           ; SOURCE LINE # 212
0000 900000      R     MOV     DPTR,#enabled
C51 COMPILER V9.51   CYFITTER_CFG                                                          02/20/2016 01:12:31 PAGE 11  

0003 EF                MOV     A,R7
0004 F0                MOVX    @DPTR,A
                                           ; SOURCE LINE # 213
                                           ; SOURCE LINE # 214
0005 905876            MOV     DPTR,#05876H
0008 E0                MOVX    A,@DPTR
0009 FF                MOV     R7,A
000A 900000      R     MOV     DPTR,#regValue
000D EF                MOV     A,R7
000E F0                MOVX    @DPTR,A
                                           ; SOURCE LINE # 215
000F 900000      R     MOV     DPTR,#enabled
0012 E0                MOVX    A,@DPTR
0013 FF                MOV     R7,A
0014 EF                MOV     A,R7
0015 6010              JZ      ?C0010
                                           ; SOURCE LINE # 216
                                           ; SOURCE LINE # 217
0017 900000      R     MOV     DPTR,#regValue
001A E0                MOVX    A,@DPTR
001B FF                MOV     R7,A
001C EF                MOV     A,R7
001D 4400              ORL     A,#00H
001F FF                MOV     R7,A
0020 900000      R     MOV     DPTR,#regValue
0023 EF                MOV     A,R7
0024 F0                MOVX    @DPTR,A
                                           ; SOURCE LINE # 218
0025 800E              SJMP    ?C0011
0027         ?C0010:
                                           ; SOURCE LINE # 220
                                           ; SOURCE LINE # 221
0027 900000      R     MOV     DPTR,#regValue
002A E0                MOVX    A,@DPTR
002B FF                MOV     R7,A
002C EF                MOV     A,R7
002D 54FF              ANL     A,#0FFH
002F FF                MOV     R7,A
0030 900000      R     MOV     DPTR,#regValue
0033 EF                MOV     A,R7
0034 F0                MOVX    @DPTR,A
                                           ; SOURCE LINE # 222
0035         ?C0011:
                                           ; SOURCE LINE # 223
0035 900000      R     MOV     DPTR,#regValue
0038 E0                MOVX    A,@DPTR
0039 FF                MOV     R7,A
003A 905876            MOV     DPTR,#05876H
003D EF                MOV     A,R7
003E F0                MOVX    @DPTR,A
                                           ; SOURCE LINE # 224
003F 22                RET     
             ; FUNCTION _SetAnalogRoutingPumps (END)

             ; FUNCTION cyfitter_cfg (BEGIN)
                                           ; SOURCE LINE # 246
                                           ; SOURCE LINE # 247
                                           ; SOURCE LINE # 249
0000 7B00              MOV     R3,#00H
0002 7A46              MOV     R2,#046H
0004 79E8              MOV     R1,#0E8H
0006 120000      E     LCALL   _cyread8
C51 COMPILER V9.51   CYFITTER_CFG                                                          02/20/2016 01:12:31 PAGE 12  

0009 EF                MOV     A,R7
000A 4405              ORL     A,#05H
000C FD                MOV     R5,A
000D 7B00              MOV     R3,#00H
000F 7A46              MOV     R2,#046H
0011 79E8              MOV     R1,#0E8H
0013 120000      E     LCALL   _cywrite8
                                           ; SOURCE LINE # 251
                                           ; SOURCE LINE # 274
0016 750000      R     MOV     i,#00H
0019         ?C0013:
0019 E500        R     MOV     A,i
001B C3                CLR     C
001C 9409              SUBB    A,#09H
001E 503A              JNC     ?C0014
                                           ; SOURCE LINE # 275
                                           ; SOURCE LINE # 276
0020 AF00        R     MOV     R7,i
0022 EF                MOV     A,R7
0023 75F005            MOV     B,#05H
0026 A4                MUL     AB
0027 2400        R     ADD     A,#LOW cfg_memset_list
0029 F582              MOV     DPL,A
002B E4                CLR     A
002C 3400        R     ADDC    A,#HIGH cfg_memset_list
002E F583              MOV     DPH,A
0030 AF82              MOV     R7,DPL
0032 AE83              MOV     R6,DPH
0034 8E00        R     MOV     ms,R6
0036 8F00        R     MOV     ms+01H,R7
                                           ; SOURCE LINE # 277
0038 AE00        R     MOV     R6,ms
003A AF00        R     MOV     R7,ms+01H
003C 8F82              MOV     DPL,R7
003E 8E83              MOV     DPH,R6
0040 120000      E     LCALL   ?C?PLDCODE
0043 AE00        R     MOV     R6,ms
0045 AF00        R     MOV     R7,ms+01H
0047 8F82              MOV     DPL,R7
0049 8E83              MOV     DPH,R6
004B 7403              MOV     A,#03H
004D 93                MOVC    A,@A+DPTR
004E FC                MOV     R4,A
004F 7404              MOV     A,#04H
0051 93                MOVC    A,@A+DPTR
0052 FD                MOV     R5,A
0053 120000      E     LCALL   _cymemzero
                                           ; SOURCE LINE # 278
0056 0500        R     INC     i
0058 80BF              SJMP    ?C0013
005A         ?C0014:
                                           ; SOURCE LINE # 280
005A 7B08              MOV     R3,#08H
005C 7A00              MOV     R2,#00H
005E 7900              MOV     R1,#00H
0060 120000      E     LCALL   _cfg_write_bytes
                                           ; SOURCE LINE # 283
0063 7B01              MOV     R3,#01H
0065 7A50              MOV     R2,#050H
0067 7903              MOV     R1,#03H
0069 120000      E     LCALL   _cyread8
006C EF                MOV     A,R7
C51 COMPILER V9.51   CYFITTER_CFG                                                          02/20/2016 01:12:31 PAGE 13  

006D 4402              ORL     A,#02H
006F FD                MOV     R5,A
0070 7B01              MOV     R3,#01H
0072 7A50              MOV     R2,#050H
0074 7903              MOV     R1,#03H
0076 120000      E     LCALL   _cywrite8
                                           ; SOURCE LINE # 284
0079 7B01              MOV     R3,#01H
007B 7A50              MOV     R2,#050H
007D 7913              MOV     R1,#013H
007F 120000      E     LCALL   _cyread8
0082 EF                MOV     A,R7
0083 4402              ORL     A,#02H
0085 FD                MOV     R5,A
0086 7B01              MOV     R3,#01H
0088 7A50              MOV     R2,#050H
008A 7913              MOV     R1,#013H
008C 120000      E     LCALL   _cywrite8
                                           ; SOURCE LINE # 287
008F 9043A0            MOV     DPTR,#043A0H
0092 E0                MOVX    A,@DPTR
0093 FF                MOV     R7,A
0094 EF                MOV     A,R7
0095 4440              ORL     A,#040H
0097 FF                MOV     R7,A
0098 9043A0            MOV     DPTR,#043A0H
009B EF                MOV     A,R7
009C F0                MOVX    @DPTR,A
                                           ; SOURCE LINE # 288
009D 9043C2            MOV     DPTR,#043C2H
00A0 E0                MOVX    A,@DPTR
00A1 FF                MOV     R7,A
00A2 EF                MOV     A,R7
00A3 4410              ORL     A,#010H
00A5 FF                MOV     R7,A
00A6 9043C2            MOV     DPTR,#043C2H
00A9 EF                MOV     A,R7
00AA F0                MOVX    @DPTR,A
                                           ; SOURCE LINE # 289
                                           ; SOURCE LINE # 293
00AB 7B08              MOV     R3,#08H
00AD 7A03              MOV     R2,#03H
00AF 7978              MOV     R1,#078H
00B1 C003              PUSH    AR3
00B3 C002              PUSH    AR2
00B5 C001              PUSH    AR1
00B7 7B00              MOV     R3,#00H
00B9 7A51              MOV     R2,#051H
00BB 7920              MOV     R1,#020H
00BD 900000      E     MOV     DPTR,#?_cyconfigcpy?BYTE+05H
00C0 120000      E     LCALL   ?C?PSTXDATA
00C3 D001              POP     AR1
00C5 D002              POP     AR2
00C7 D003              POP     AR3
00C9 7F0A              MOV     R7,#0AH
00CB 7E00              MOV     R6,#00H
00CD 120000      E     LCALL   _cyconfigcpy
                                           ; SOURCE LINE # 294
00D0 7B08              MOV     R3,#08H
00D2 7A03              MOV     R2,#03H
00D4 7984              MOV     R1,#084H
00D6 C003              PUSH    AR3
C51 COMPILER V9.51   CYFITTER_CFG                                                          02/20/2016 01:12:31 PAGE 14  

00D8 C002              PUSH    AR2
00DA C001              PUSH    AR1
00DC 7B00              MOV     R3,#00H
00DE 7A51              MOV     R2,#051H
00E0 7952              MOV     R1,#052H
00E2 900000      E     MOV     DPTR,#?_cyconfigcpy?BYTE+05H
00E5 120000      E     LCALL   ?C?PSTXDATA
00E8 D001              POP     AR1
00EA D002              POP     AR2
00EC D003              POP     AR3
00EE 7F08              MOV     R7,#08H
00F0 7E00              MOV     R6,#00H
00F2 120000      E     LCALL   _cyconfigcpy
                                           ; SOURCE LINE # 295
00F5 7B08              MOV     R3,#08H
00F7 7A03              MOV     R2,#03H
00F9 798C              MOV     R1,#08CH
00FB C003              PUSH    AR3
00FD C002              PUSH    AR2
00FF C001              PUSH    AR1
0101 7B00              MOV     R3,#00H
0103 7A51              MOV     R2,#051H
0105 7960              MOV     R1,#060H
0107 900000      E     MOV     DPTR,#?_cyconfigcpy?BYTE+05H
010A 120000      E     LCALL   ?C?PSTXDATA
010D D001              POP     AR1
010F D002              POP     AR2
0111 D003              POP     AR3
0113 7F0A              MOV     R7,#0AH
0115 7E00              MOV     R6,#00H
0117 120000      E     LCALL   _cyconfigcpy
                                           ; SOURCE LINE # 296
011A 9044F4            MOV     DPTR,#044F4H
011D 7401              MOV     A,#01H
011F F0                MOVX    @DPTR,A
                                           ; SOURCE LINE # 298
0120 904322            MOV     DPTR,#04322H
0123 E0                MOVX    A,@DPTR
0124 FF                MOV     R7,A
0125 EF                MOV     A,R7
0126 4408              ORL     A,#08H
0128 FF                MOV     R7,A
0129 904322            MOV     DPTR,#04322H
012C EF                MOV     A,R7
012D F0                MOVX    @DPTR,A
                                           ; SOURCE LINE # 299
012E 9046EC            MOV     DPTR,#046ECH
0131 E0                MOVX    A,@DPTR
0132 FF                MOV     R7,A
0133 EF                MOV     A,R7
0134 C3                CLR     C
0135 9405              SUBB    A,#05H
0137 5006              JNC     ?C0016
                                           ; SOURCE LINE # 300
                                           ; SOURCE LINE # 301
0139 904689            MOV     DPTR,#04689H
013C 743A              MOV     A,#03AH
013E F0                MOVX    @DPTR,A
                                           ; SOURCE LINE # 302
013F         ?C0016:
                                           ; SOURCE LINE # 306
013F 904800            MOV     DPTR,#04800H
C51 COMPILER V9.51   CYFITTER_CFG                                                          02/20/2016 01:12:31 PAGE 15  

0142 74F1              MOV     A,#0F1H
0144 F0                MOVX    @DPTR,A
                                           ; SOURCE LINE # 308
0145 120000      R     LCALL   ClockSetup
                                           ; SOURCE LINE # 310
0148 904800            MOV     DPTR,#04800H
014B 74B1              MOV     A,#0B1H
014D F0                MOVX    @DPTR,A
                                           ; SOURCE LINE # 313
014E 120000      R     LCALL   AnalogSetDefault
                                           ; SOURCE LINE # 316
0151 7B00              MOV     R3,#00H
0153 7A43              MOV     R2,#043H
0155 79A0              MOV     R1,#0A0H
0157 C003              PUSH    AR3
0159 C002              PUSH    AR2
015B C001              PUSH    AR1
015D 7B00              MOV     R3,#00H
015F 7A43              MOV     R2,#043H
0161 79B0              MOV     R1,#0B0H
0163 900000      E     MOV     DPTR,#?_cyconfigcpy?BYTE+05H
0166 120000      E     LCALL   ?C?PSTXDATA
0169 D001              POP     AR1
016B D002              POP     AR2
016D D003              POP     AR3
016F 7F0E              MOV     R7,#0EH
0171 7E00              MOV     R6,#00H
0173 120000      E     LCALL   _cyconfigcpy
                                           ; SOURCE LINE # 317
0176 9043B0            MOV     DPTR,#043B0H
0179 E0                MOVX    A,@DPTR
017A FF                MOV     R7,A
017B EF                MOV     A,R7
017C 54FD              ANL     A,#0FDH
017E FF                MOV     R7,A
017F EF                MOV     A,R7
0180 F0                MOVX    @DPTR,A
                                           ; SOURCE LINE # 318
0181 22                RET     
             ; FUNCTION cyfitter_cfg (END)



MODULE INFORMATION:   STATIC OVERLAYABLE
   CODE SIZE        =    801    ----
   CONSTANT SIZE    =     45    ----
   XDATA SIZE       =   ----       9
   PDATA SIZE       =   ----    ----
   DATA SIZE        =   ----       3
   IDATA SIZE       =   ----    ----
   BIT SIZE         =   ----    ----
   EDATA SIZE       =   ----    ----
   HDATA SIZE       =   ----    ----
   XDATA CONST SIZE =   ----    ----
   FAR CONST SIZE   =   ----    ----
END OF MODULE INFORMATION.


C51 COMPILATION COMPLETE.  0 WARNING(S),  0 ERROR(S)
