C51 COMPILER V9.51   PUSHBUTTON                                                            02/20/2016 01:12:37 PAGE 1   


C51 COMPILER V9.51, COMPILATION OF MODULE PUSHBUTTON
OBJECT MODULE PLACED IN .\DP8051\DP8051_Keil_951\Debug\pushButton.obj
COMPILER INVOKED BY: C:\Program Files (x86)\Cypress\PSoC Creator\3.3\PSoC Creator\import\keil\pk51\9.51\C51\BIN\c51.exe 
                    -.\Generated_Source\PSoC3\pushButton.c NOIV LARGE MODDP2 OMF2 VB(1) NOIP INCDIR(.,Generated_Source\PSoC3) FF(3) DB DF(DEB
                    -UG) WL(2) PR(.\DP8051\DP8051_Keil_951\Debug/pushButton.lst) CD OT(2,SIZE) OJ(.\DP8051\DP8051_Keil_951\Debug\pushButton.o
                    -bj)

line level    source

   1          /*******************************************************************************
   2          * File Name: pushButton.c  
   3          * Version 2.20
   4          *
   5          * Description:
   6          *  This file contains API to enable firmware control of a Pins component.
   7          *
   8          * Note:
   9          *
  10          ********************************************************************************
  11          * Copyright 2008-2015, Cypress Semiconductor Corporation.  All rights reserved.
  12          * You may use this file only in accordance with the license, terms, conditions, 
  13          * disclaimers, and limitations in the end user license agreement accompanying 
  14          * the software package with which this file was provided.
  15          *******************************************************************************/
  16          
  17          #include "cytypes.h"
  18          #include "pushButton.h"
  19          
  20          
  21          /*******************************************************************************
  22          * Function Name: pushButton_Write
  23          ****************************************************************************//**
  24          *
  25          * \brief Writes the value to the physical port (data output register), masking
  26          *  and shifting the bits appropriately. 
  27          *
  28          * The data output register controls the signal applied to the physical pin in 
  29          * conjunction with the drive mode parameter. This function avoids changing 
  30          * other bits in the port by using the appropriate method (read-modify-write or
  31          * bit banding).
  32          *
  33          * <b>Note</b> This function should not be used on a hardware digital output pin 
  34          * as it is driven by the hardware signal attached to it.
  35          *
  36          * \param value
  37          *  Value to write to the component instance.
  38          *
  39          * \return 
  40          *  None 
  41          *
  42          * \sideeffect
  43          *  If you use read-modify-write operations that are not atomic; the Interrupt 
  44          *  Service Routines (ISR) can cause corruption of this function. An ISR that 
  45          *  interrupts this function and performs writes to the Pins component data 
  46          *  register can cause corrupted port data. To avoid this issue, you should 
  47          *  either use the Per-Pin APIs (primary method) or disable interrupts around 
  48          *  this function.
  49          *
  50          * \funcusage
  51          *  \snippet pushButton_SUT.c usage_pushButton_Write
  52          *******************************************************************************/
C51 COMPILER V9.51   PUSHBUTTON                                                            02/20/2016 01:12:37 PAGE 2   

  53          void pushButton_Write(uint8 value) 
  54          {
  55   1          uint8 staticBits = (pushButton_DR & (uint8)(~pushButton_MASK));
  56   1          pushButton_DR = staticBits | ((uint8)(value << pushButton_SHIFT) & pushButton_MASK);
  57   1      }
  58          
  59          
  60          /*******************************************************************************
  61          * Function Name: pushButton_SetDriveMode
  62          ****************************************************************************//**
  63          *
  64          * \brief Sets the drive mode for each of the Pins component's pins.
  65          * 
  66          * <b>Note</b> This affects all pins in the Pins component instance. Use the
  67          * Per-Pin APIs if you wish to control individual pin's drive modes.
  68          *
  69          * \param mode
  70          *  Mode for the selected signals. Valid options are documented in 
  71          *  \ref driveMode.
  72          *
  73          * \return
  74          *  None
  75          *
  76          * \sideeffect
  77          *  If you use read-modify-write operations that are not atomic, the ISR can
  78          *  cause corruption of this function. An ISR that interrupts this function 
  79          *  and performs writes to the Pins component Drive Mode registers can cause 
  80          *  corrupted port data. To avoid this issue, you should either use the Per-Pin
  81          *  APIs (primary method) or disable interrupts around this function.
  82          *
  83          * \funcusage
  84          *  \snippet pushButton_SUT.c usage_pushButton_SetDriveMode
  85          *******************************************************************************/
  86          void pushButton_SetDriveMode(uint8 mode) 
  87          {
  88   1              CyPins_SetPinDriveMode(pushButton_0, mode);
  89   1      }
  90          
  91          
  92          /*******************************************************************************
  93          * Function Name: pushButton_Read
  94          ****************************************************************************//**
  95          *
  96          * \brief Reads the associated physical port (pin status register) and masks 
  97          *  the required bits according to the width and bit position of the component
  98          *  instance. 
  99          *
 100          * The pin's status register returns the current logic level present on the 
 101          * physical pin.
 102          *
 103          * \return 
 104          *  The current value for the pins in the component as a right justified number.
 105          *
 106          * \funcusage
 107          *  \snippet pushButton_SUT.c usage_pushButton_Read  
 108          *******************************************************************************/
 109          uint8 pushButton_Read(void) 
 110          {
 111   1          return (pushButton_PS & pushButton_MASK) >> pushButton_SHIFT;
 112   1      }
 113          
 114          
C51 COMPILER V9.51   PUSHBUTTON                                                            02/20/2016 01:12:37 PAGE 3   

 115          /*******************************************************************************
 116          * Function Name: pushButton_ReadDataReg
 117          ****************************************************************************//**
 118          *
 119          * \brief Reads the associated physical port's data output register and masks 
 120          *  the correct bits according to the width and bit position of the component 
 121          *  instance. 
 122          *
 123          * The data output register controls the signal applied to the physical pin in 
 124          * conjunction with the drive mode parameter. This is not the same as the 
 125          * preferred pushButton_Read() API because the 
 126          * pushButton_ReadDataReg() reads the data register instead of the status 
 127          * register. For output pins this is a useful function to determine the value 
 128          * just written to the pin.
 129          *
 130          * \return 
 131          *  The current value of the data register masked and shifted into a right 
 132          *  justified number for the component instance.
 133          *
 134          * \funcusage
 135          *  \snippet pushButton_SUT.c usage_pushButton_ReadDataReg 
 136          *******************************************************************************/
 137          uint8 pushButton_ReadDataReg(void) 
 138          {
 139   1          return (pushButton_DR & pushButton_MASK) >> pushButton_SHIFT;
 140   1      }
 141          
 142          
 143          /* If interrupt is connected for this Pins component */ 
 144          #if defined(pushButton_INTSTAT) 
              
                  /*******************************************************************************
                  * Function Name: pushButton_SetInterruptMode
                  ****************************************************************************//**
                  *
                  * \brief Configures the interrupt mode for each of the Pins component's
                  *  pins. Alternatively you may set the interrupt mode for all the pins
                  *  specified in the Pins component.
                  *
                  *  <b>Note</b> The interrupt is port-wide and therefore any enabled pin
                  *  interrupt may trigger it.
                  *
                  * \param position
                  *  The pin position as listed in the Pins component. You may OR these to be 
                  *  able to configure the interrupt mode of multiple pins within a Pins 
                  *  component. Or you may use pushButton_INTR_ALL to configure the
                  *  interrupt mode of all the pins in the Pins component.       
                  *  - pushButton_0_INTR       (First pin in the list)
                  *  - pushButton_1_INTR       (Second pin in the list)
                  *  - ...
                  *  - pushButton_INTR_ALL     (All pins in Pins component)
                  *
                  * \param mode
                  *  Interrupt mode for the selected pins. Valid options are documented in
                  *  \ref intrMode.
                  *
                  * \return 
                  *  None
                  *  
                  * \sideeffect
                  *  It is recommended that the interrupt be disabled before calling this 
                  *  function to avoid unintended interrupt requests. Note that the interrupt
C51 COMPILER V9.51   PUSHBUTTON                                                            02/20/2016 01:12:37 PAGE 4   

                  *  type is port wide, and therefore will trigger for any enabled pin on the 
                  *  port.
                  *
                  * \funcusage
                  *  \snippet pushButton_SUT.c usage_pushButton_SetInterruptMode
                  *******************************************************************************/
                  void pushButton_SetInterruptMode(uint16 position, uint16 mode) 
                                          
                  {
                              if((position & pushButton_0_INTR) != 0u) 
                              { 
                                       pushButton_0_INTTYPE_REG = (uint8)mode; 
                              }
                  }
                  
                  
                  /*******************************************************************************
                  * Function Name: pushButton_ClearInterrupt
                  ****************************************************************************//**
                  *
                  * \brief Clears any active interrupts attached with the component and returns 
                  *  the value of the interrupt status register allowing determination of which
                  *  pins generated an interrupt event.
                  *
                  * \return 
                  *  The right-shifted current value of the interrupt status register. Each pin 
                  *  has one bit set if it generated an interrupt event. For example, bit 0 is 
                  *  for pin 0 and bit 1 is for pin 1 of the Pins component.
                  *  
                  * \sideeffect
                  *  Clears all bits of the physical port's interrupt status register, not just
                  *  those associated with the Pins component.
                  *
                  * \funcusage
                  *  \snippet pushButton_SUT.c usage_pushButton_ClearInterrupt
                  *******************************************************************************/
                  uint8 pushButton_ClearInterrupt(void) 
                  {
                      return (pushButton_INTSTAT & pushButton_MASK) >> pushButton_SHIFT;
                  }
              
              #endif /* (pushButton_INTSTAT) */ 
 219          
 220          
 221          /* [] END OF FILE */
C51 COMPILER V9.51   PUSHBUTTON                                                            02/20/2016 01:12:37 PAGE 5   

ASSEMBLY LISTING OF GENERATED OBJECT CODE


             ; FUNCTION _pushButton_Write (BEGIN)
                                           ; SOURCE LINE # 53
0000 900000      R     MOV     DPTR,#value
0003 EF                MOV     A,R7
0004 F0                MOVX    @DPTR,A
                                           ; SOURCE LINE # 54
                                           ; SOURCE LINE # 55
0005 905160            MOV     DPTR,#05160H
0008 E0                MOVX    A,@DPTR
0009 FF                MOV     R7,A
000A EF                MOV     A,R7
000B 54FD              ANL     A,#0FDH
000D FF                MOV     R7,A
000E 900000      R     MOV     DPTR,#staticBits
0011 EF                MOV     A,R7
0012 F0                MOVX    @DPTR,A
                                           ; SOURCE LINE # 56
0013 900000      R     MOV     DPTR,#value
0016 E0                MOVX    A,@DPTR
0017 FF                MOV     R7,A
0018 EF                MOV     A,R7
0019 25E0              ADD     A,ACC
001B FF                MOV     R7,A
001C EF                MOV     A,R7
001D 5402              ANL     A,#02H
001F FF                MOV     R7,A
0020 900000      R     MOV     DPTR,#staticBits
0023 E0                MOVX    A,@DPTR
0024 FE                MOV     R6,A
0025 EF                MOV     A,R7
0026 4E                ORL     A,R6
0027 FF                MOV     R7,A
0028 905160            MOV     DPTR,#05160H
002B EF                MOV     A,R7
002C F0                MOVX    @DPTR,A
                                           ; SOURCE LINE # 57
002D 22                RET     
             ; FUNCTION _pushButton_Write (END)

             ; FUNCTION _pushButton_SetDriveMode (BEGIN)
                                           ; SOURCE LINE # 86
0000 900000      R     MOV     DPTR,#mode
0003 EF                MOV     A,R7
0004 F0                MOVX    @DPTR,A
                                           ; SOURCE LINE # 87
                                           ; SOURCE LINE # 88
0005 900000      R     MOV     DPTR,#mode
0008 E0                MOVX    A,@DPTR
0009 FF                MOV     R7,A
000A EF                MOV     A,R7
000B 540E              ANL     A,#0EH
000D FF                MOV     R7,A
000E 905031            MOV     DPTR,#05031H
0011 E0                MOVX    A,@DPTR
0012 FE                MOV     R6,A
0013 EE                MOV     A,R6
0014 54F1              ANL     A,#0F1H
0016 FE                MOV     R6,A
0017 EE                MOV     A,R6
C51 COMPILER V9.51   PUSHBUTTON                                                            02/20/2016 01:12:37 PAGE 6   

0018 4F                ORL     A,R7
0019 FF                MOV     R7,A
001A 905031            MOV     DPTR,#05031H
001D EF                MOV     A,R7
001E F0                MOVX    @DPTR,A
                                           ; SOURCE LINE # 89
001F 22                RET     
             ; FUNCTION _pushButton_SetDriveMode (END)

             ; FUNCTION pushButton_Read (BEGIN)
                                           ; SOURCE LINE # 109
                                           ; SOURCE LINE # 110
                                           ; SOURCE LINE # 111
0000 905161            MOV     DPTR,#05161H
0003 E0                MOVX    A,@DPTR
0004 FF                MOV     R7,A
0005 EF                MOV     A,R7
0006 5402              ANL     A,#02H
0008 FF                MOV     R7,A
0009 7E00              MOV     R6,#00H
000B EE                MOV     A,R6
000C C3                CLR     C
000D 13                RRC     A
000E FE                MOV     R6,A
000F EF                MOV     A,R7
0010 13                RRC     A
0011 FF                MOV     R7,A
                                           ; SOURCE LINE # 112
0012         ?C0003:
0012 22                RET     
             ; FUNCTION pushButton_Read (END)

             ; FUNCTION pushButton_ReadDataReg (BEGIN)
                                           ; SOURCE LINE # 137
                                           ; SOURCE LINE # 138
                                           ; SOURCE LINE # 139
0000 905160            MOV     DPTR,#05160H
0003 E0                MOVX    A,@DPTR
0004 FF                MOV     R7,A
0005 EF                MOV     A,R7
0006 5402              ANL     A,#02H
0008 FF                MOV     R7,A
0009 7E00              MOV     R6,#00H
000B EE                MOV     A,R6
000C C3                CLR     C
000D 13                RRC     A
000E FE                MOV     R6,A
000F EF                MOV     A,R7
0010 13                RRC     A
0011 FF                MOV     R7,A
                                           ; SOURCE LINE # 140
0012         ?C0004:
0012 22                RET     
             ; FUNCTION pushButton_ReadDataReg (END)



MODULE INFORMATION:   STATIC OVERLAYABLE
   CODE SIZE        =    116    ----
   CONSTANT SIZE    =   ----    ----
   XDATA SIZE       =   ----       3
   PDATA SIZE       =   ----    ----
C51 COMPILER V9.51   PUSHBUTTON                                                            02/20/2016 01:12:37 PAGE 7   

   DATA SIZE        =   ----    ----
   IDATA SIZE       =   ----    ----
   BIT SIZE         =   ----    ----
   EDATA SIZE       =   ----    ----
   HDATA SIZE       =   ----    ----
   XDATA CONST SIZE =   ----    ----
   FAR CONST SIZE   =   ----    ----
END OF MODULE INFORMATION.


C51 COMPILATION COMPLETE.  0 WARNING(S),  0 ERROR(S)
